This is pdfTeX, Version 3.141592653-2.6-1.40.23 (MiKTeX 21.10) (preloaded format=pdflatex 2021.11.22)  22 NOV 2021 12:47
entering extended mode
**./Figure7_ReconstructedImages.tex
(Figure7_ReconstructedImages.tex
LaTeX2e <2021-11-15>
L3 programming layer <2021-11-12>
(C:\Users\hx21262\AppData\Local\Programs\MiKTeX\tex/latex/ieeetran\IEEEtran.cls
Document Class: IEEEtran 2015/08/26 V1.8b by Michael Shell
-- See the "IEEEtran_HOWTO" manual for usage information.
-- http://www.michaelshell.org/tex/ieeetran/
\@IEEEtrantmpdimenA=\dimen138
\@IEEEtrantmpdimenB=\dimen139
\@IEEEtrantmpdimenC=\dimen140
\@IEEEtrantmpcountA=\count183
\@IEEEtrantmpcountB=\count184
\@IEEEtrantmpcountC=\count185
\@IEEEtrantmptoksA=\toks16
LaTeX Font Info:    Trying to load font information for OT1+ptm on input line 5
03.
(C:\Users\hx21262\AppData\Local\Programs\MiKTeX\tex/latex/psnfss\ot1ptm.fd
File: ot1ptm.fd 2001/06/04 font definitions for OT1/ptm.
)
-- Using 8.5in x 11in (letter) paper.
-- Using PDF output.
\@IEEEnormalsizeunitybaselineskip=\dimen141
-- This is a 10 point document.
\CLASSINFOnormalsizebaselineskip=\dimen142
\CLASSINFOnormalsizeunitybaselineskip=\dimen143
\IEEEnormaljot=\dimen144
LaTeX Font Info:    Font shape `OT1/ptm/bx/n' in size <5> not available
(Font)              Font shape `OT1/ptm/b/n' tried instead on input line 1090.
LaTeX Font Info:    Font shape `OT1/ptm/bx/it' in size <5> not available
(Font)              Font shape `OT1/ptm/b/it' tried instead on input line 1090.

LaTeX Font Info:    Font shape `OT1/ptm/bx/n' in size <7> not available
(Font)              Font shape `OT1/ptm/b/n' tried instead on input line 1090.
LaTeX Font Info:    Font shape `OT1/ptm/bx/it' in size <7> not available
(Font)              Font shape `OT1/ptm/b/it' tried instead on input line 1090.

LaTeX Font Info:    Font shape `OT1/ptm/bx/n' in size <8> not available
(Font)              Font shape `OT1/ptm/b/n' tried instead on input line 1090.
LaTeX Font Info:    Font shape `OT1/ptm/bx/it' in size <8> not available
(Font)              Font shape `OT1/ptm/b/it' tried instead on input line 1090.

LaTeX Font Info:    Font shape `OT1/ptm/bx/n' in size <9> not available
(Font)              Font shape `OT1/ptm/b/n' tried instead on input line 1090.
LaTeX Font Info:    Font shape `OT1/ptm/bx/it' in size <9> not available
(Font)              Font shape `OT1/ptm/b/it' tried instead on input line 1090.

LaTeX Font Info:    Font shape `OT1/ptm/bx/n' in size <10> not available
(Font)              Font shape `OT1/ptm/b/n' tried instead on input line 1090.
LaTeX Font Info:    Font shape `OT1/ptm/bx/it' in size <10> not available
(Font)              Font shape `OT1/ptm/b/it' tried instead on input line 1090.

LaTeX Font Info:    Font shape `OT1/ptm/bx/n' in size <11> not available
(Font)              Font shape `OT1/ptm/b/n' tried instead on input line 1090.
LaTeX Font Info:    Font shape `OT1/ptm/bx/it' in size <11> not available
(Font)              Font shape `OT1/ptm/b/it' tried instead on input line 1090.

LaTeX Font Info:    Font shape `OT1/ptm/bx/n' in size <12> not available
(Font)              Font shape `OT1/ptm/b/n' tried instead on input line 1090.
LaTeX Font Info:    Font shape `OT1/ptm/bx/it' in size <12> not available
(Font)              Font shape `OT1/ptm/b/it' tried instead on input line 1090.

LaTeX Font Info:    Font shape `OT1/ptm/bx/n' in size <17> not available
(Font)              Font shape `OT1/ptm/b/n' tried instead on input line 1090.
LaTeX Font Info:    Font shape `OT1/ptm/bx/it' in size <17> not available
(Font)              Font shape `OT1/ptm/b/it' tried instead on input line 1090.

LaTeX Font Info:    Font shape `OT1/ptm/bx/n' in size <20> not available
(Font)              Font shape `OT1/ptm/b/n' tried instead on input line 1090.
LaTeX Font Info:    Font shape `OT1/ptm/bx/it' in size <20> not available
(Font)              Font shape `OT1/ptm/b/it' tried instead on input line 1090.

LaTeX Font Info:    Font shape `OT1/ptm/bx/n' in size <24> not available
(Font)              Font shape `OT1/ptm/b/n' tried instead on input line 1090.
LaTeX Font Info:    Font shape `OT1/ptm/bx/it' in size <24> not available
(Font)              Font shape `OT1/ptm/b/it' tried instead on input line 1090.

\IEEEquantizedlength=\dimen145
\IEEEquantizedlengthdiff=\dimen146
\IEEEquantizedtextheightdiff=\dimen147
\IEEEilabelindentA=\dimen148
\IEEEilabelindentB=\dimen149
\IEEEilabelindent=\dimen150
\IEEEelabelindent=\dimen151
\IEEEdlabelindent=\dimen152
\IEEElabelindent=\dimen153
\IEEEiednormlabelsep=\dimen154
\IEEEiedmathlabelsep=\dimen155
\IEEEiedtopsep=\skip47
\c@section=\count186
\c@subsection=\count187
\c@subsubsection=\count188
\c@paragraph=\count189
\c@IEEEsubequation=\count190
\abovecaptionskip=\skip48
\belowcaptionskip=\skip49
\c@figure=\count191
\c@table=\count192
\@IEEEeqnnumcols=\count193
\@IEEEeqncolcnt=\count194
\@IEEEsubeqnnumrollback=\count195
\@IEEEquantizeheightA=\dimen156
\@IEEEquantizeheightB=\dimen157
\@IEEEquantizeheightC=\dimen158
\@IEEEquantizeprevdepth=\dimen159
\@IEEEquantizemultiple=\count196
\@IEEEquantizeboxA=\box50
\@IEEEtmpitemindent=\dimen160
\IEEEPARstartletwidth=\dimen161
\c@IEEEbiography=\count197
\@IEEEtranrubishbin=\box51
) (C:\Users\hx21262\AppData\Local\Programs\MiKTeX\tex/latex/base\fontenc.sty
Package: fontenc 2021/04/29 v2.0v Standard LaTeX package
LaTeX Font Info:    Trying to load font information for T1+ptm on input line 11
2.

(C:\Users\hx21262\AppData\Local\Programs\MiKTeX\tex/latex/psnfss\t1ptm.fd
File: t1ptm.fd 2001/06/04 font definitions for T1/ptm.
))
(C:\Users\hx21262\AppData\Local\Programs\MiKTeX\tex/latex/graphics\graphicx.sty
Package: graphicx 2021/09/16 v1.2d Enhanced LaTeX Graphics (DPC,SPQR)
(C:\Users\hx21262\AppData\Local\Programs\MiKTeX\tex/latex/graphics\keyval.sty
Package: keyval 2014/10/28 v1.15 key=value parser (DPC)
\KV@toks@=\toks17
)
(C:\Users\hx21262\AppData\Local\Programs\MiKTeX\tex/latex/graphics\graphics.sty
Package: graphics 2021/03/04 v1.4d Standard LaTeX Graphics (DPC,SPQR)
(C:\Users\hx21262\AppData\Local\Programs\MiKTeX\tex/latex/graphics\trig.sty
Package: trig 2021/08/11 v1.11 sin cos tan (DPC)
)
(C:\Users\hx21262\AppData\Local\Programs\MiKTeX\tex/latex/graphics-cfg\graphics
.cfg
File: graphics.cfg 2016/06/04 v1.11 sample graphics configuration
)
Package graphics Info: Driver file: pdftex.def on input line 107.

(C:\Users\hx21262\AppData\Local\Programs\MiKTeX\tex/latex/graphics-def\pdftex.d
ef
File: pdftex.def 2020/10/05 v1.2a Graphics/color driver for pdftex
))
\Gin@req@height=\dimen162
\Gin@req@width=\dimen163
)
(C:\Users\hx21262\AppData\Local\Programs\MiKTeX\tex/latex/subfig\subfig.sty
Package: subfig 2005/06/28 ver: 1.3 subfig package

(C:\Users\hx21262\AppData\Local\Programs\MiKTeX\tex/latex/caption\caption3.sty
Package: caption3 2020/10/21 v2.2e caption3 kernel (AR)
\captionmargin=\dimen164
\captionmargin@=\dimen165
\captionwidth=\dimen166
\caption@tempdima=\dimen167
\caption@indent=\dimen168
\caption@parindent=\dimen169
\caption@hangindent=\dimen170
Package caption Info: Unknown document class (or package),
(caption)             standard defaults will be used.
Package caption Info: \@makecaption = \long macro:#1#2->\ifx \@captype \@IEEEta
blestring \footnotesize \bgroup \par \centering \@IEEEtabletopskipstrut {\norma
lfont \footnotesize #1}\\{\normalfont \footnotesize \scshape #2}\par \addvspace
 {0.5\baselineskip }\egroup \@IEEEtablecaptionsepspace \else \@IEEEfigurecaptio
nsepspace \setbox \@tempboxa \hbox {\normalfont \footnotesize {#1.}\nobreakspac
e \nobreakspace #2}\ifdim \wd \@tempboxa >\hsize \setbox \@tempboxa \hbox {\nor
malfont \footnotesize {#1.}\nobreakspace \nobreakspace }\parbox [t]{\hsize }{\n
ormalfont \footnotesize \noindent \unhbox \@tempboxa #2}\else \ifCLASSOPTIONcon
ference \hbox to\hsize {\normalfont \footnotesize \hfil \box \@tempboxa \hfil }
\else \hbox to\hsize {\normalfont \footnotesize \box \@tempboxa \hfil }\fi \fi 
\fi  on input line 1139.
)
\c@KVtest=\count198
\sf@farskip=\skip50
\sf@captopadj=\dimen171
\sf@capskip=\skip51
\sf@nearskip=\skip52
\c@subfigure=\count199
\c@subfigure@save=\count266
\c@lofdepth=\count267
\c@subtable=\count268
\c@subtable@save=\count269
\c@lotdepth=\count270
\sf@top=\skip53
\sf@bottom=\skip54
)
(C:\Users\hx21262\AppData\Local\Programs\MiKTeX\tex/latex/l3backend\l3backend-p
dftex.def
File: l3backend-pdftex.def 2021-10-18 L3 backend support: PDF output (pdfTeX)
\l__color_backend_stack_int=\count271
\l__pdf_internal_box=\box52
) (Figure7_ReconstructedImages.aux)
\openout1 = `Figure7_ReconstructedImages.aux'.

LaTeX Font Info:    Checking defaults for OML/cmm/m/it on input line 15.
LaTeX Font Info:    ... okay on input line 15.
LaTeX Font Info:    Checking defaults for OMS/cmsy/m/n on input line 15.
LaTeX Font Info:    ... okay on input line 15.
LaTeX Font Info:    Checking defaults for OT1/cmr/m/n on input line 15.
LaTeX Font Info:    ... okay on input line 15.
LaTeX Font Info:    Checking defaults for T1/cmr/m/n on input line 15.
LaTeX Font Info:    ... okay on input line 15.
LaTeX Font Info:    Checking defaults for TS1/cmr/m/n on input line 15.
LaTeX Font Info:    ... okay on input line 15.
LaTeX Font Info:    Checking defaults for OMX/cmex/m/n on input line 15.
LaTeX Font Info:    ... okay on input line 15.
LaTeX Font Info:    Checking defaults for U/cmr/m/n on input line 15.
LaTeX Font Info:    ... okay on input line 15.

-- Lines per column: 58 (exact).

(C:\Users\hx21262\AppData\Local\Programs\MiKTeX\tex/context/base/mkii\supp-pdf.
mkii
[Loading MPS to PDF converter (version 2006.09.02).]
\scratchcounter=\count272
\scratchdimen=\dimen172
\scratchbox=\box53
\nofMPsegments=\count273
\nofMParguments=\count274
\everyMPshowfont=\toks18
\MPscratchCnt=\count275
\MPscratchDim=\dimen173
\MPnumerator=\count276
\makeMPintoPDFobject=\count277
\everyMPtoPDFconversion=\toks19
)
(C:\Users\hx21262\AppData\Local\Programs\MiKTeX\tex/latex/epstopdf-pkg\epstopdf
-base.sty
Package: epstopdf-base 2020-01-24 v2.11 Base part for package epstopdf
Package epstopdf-base Info: Redefining graphics rule for `.eps' on input line 4
85.

(C:\Users\hx21262\AppData\Local\Programs\MiKTeX\tex/latex/00miktex\epstopdf-sys
.cfg
File: epstopdf-sys.cfg 2021/03/18 v2.0 Configuration of epstopdf for MiKTeX
))
Package caption Info: Begin \AtBeginDocument code.
Package caption Info: subfig package v1.3 is loaded.
Package caption Info: End \AtBeginDocument code.
<reconstructions128_target.jpg, id=1, 904.8204pt x 904.8204pt>
File: reconstructions128_target.jpg Graphic file (type jpg)
<use reconstructions128_target.jpg>
Package pdftex.def Info: reconstructions128_target.jpg  used on input line 20.
(pdftex.def)             Requested size: 103.19843pt x 103.18925pt.

Underfull \hbox (badness 1735) in paragraph at lines 20--20
[]\T1/ptm/m/n/8 (a) |Tar-get re-con-struc-tion with
 []

<reconstructions128_noInterpolation.jpg, id=2, 904.8204pt x 904.8204pt>
File: reconstructions128_noInterpolation.jpg Graphic file (type jpg)
<use reconstructions128_noInterpolation.jpg>
Package pdftex.def Info: reconstructions128_noInterpolation.jpg  used on input 
line 23.
(pdftex.def)             Requested size: 103.19843pt x 103.18925pt.
<reconstructions128_linearInterpolation.jpg, id=3, 904.8204pt x 904.8204pt>
File: reconstructions128_linearInterpolation.jpg Graphic file (type jpg)
<use reconstructions128_linearInterpolation.jpg>
Package pdftex.def Info: reconstructions128_linearInterpolation.jpg  used on in
put line 26.
(pdftex.def)             Requested size: 103.19843pt x 103.18925pt.
<reconstructions128_inferenceCad.jpg, id=4, 904.8204pt x 904.8204pt>
File: reconstructions128_inferenceCad.jpg Graphic file (type jpg)
<use reconstructions128_inferenceCad.jpg>
Package pdftex.def Info: reconstructions128_inferenceCad.jpg  used on input lin
e 29.
(pdftex.def)             Requested size: 103.19843pt x 103.18925pt.
<reconstructions128_inferenceNoCadUnet.jpg, id=5, 904.8204pt x 904.8204pt>
File: reconstructions128_inferenceNoCadUnet.jpg Graphic file (type jpg)
<use reconstructions128_inferenceNoCadUnet.jpg>
Package pdftex.def Info: reconstructions128_inferenceNoCadUnet.jpg  used on inp
ut line 32.
(pdftex.def)             Requested size: 103.19843pt x 103.18925pt.
<reconstructions128_inferenceCadUnet.jpg, id=6, 904.8204pt x 904.8204pt>
File: reconstructions128_inferenceCadUnet.jpg Graphic file (type jpg)
<use reconstructions128_inferenceCadUnet.jpg>
Package pdftex.def Info: reconstructions128_inferenceCadUnet.jpg  used on input
 line 35.
(pdftex.def)             Requested size: 103.19843pt x 103.18925pt.
<reconstructions128_inpaintingNoCadGan.jpg, id=7, 904.8204pt x 904.8204pt>
File: reconstructions128_inpaintingNoCadGan.jpg Graphic file (type jpg)
<use reconstructions128_inpaintingNoCadGan.jpg>
Package pdftex.def Info: reconstructions128_inpaintingNoCadGan.jpg  used on inp
ut line 38.
(pdftex.def)             Requested size: 103.19843pt x 103.18925pt.

Underfull \hbox (badness 2343) in paragraph at lines 38--38
[]\T1/ptm/m/n/8 (g) |Re-con-struc-tion with sino-
 []

<reconstructions128_inferenceCadGan.jpg, id=8, 904.8204pt x 904.8204pt>
File: reconstructions128_inferenceCadGan.jpg Graphic file (type jpg)
<use reconstructions128_inferenceCadGan.jpg>
Package pdftex.def Info: reconstructions128_inferenceCadGan.jpg  used on input 
line 41.
(pdftex.def)             Requested size: 103.19843pt x 103.18925pt.

Underfull \hbox (badness 1546) in paragraph at lines 41--41
[]\T1/ptm/m/n/8 (h) |Re-con-struc-tion with miss-
 []

[1{C:/Users/hx21262/AppData/Local/MiKTeX/pdftex/config/pdftex.map} <./reconstru
ctions128_target.jpg> <./reconstructions128_noInterpolation.jpg> <./reconstruct
ions128_linearInterpolation.jpg> <./reconstructions128_inferenceCad.jpg> <./rec
onstructions128_inferenceNoCadUnet.jpg> <./reconstructions128_inferenceCadUnet.
jpg> <./reconstructions128_inpaintingNoCadGan.jpg> <./reconstructions128_infere
nceCadGan.jpg>] (Figure7_ReconstructedImages.aux) ) 
Here is how much of TeX's memory you used:
 3427 strings out of 478699
 64220 string characters out of 2846013
 359706 words of memory out of 3000000
 21528 multiletter control sequences out of 15000+600000
 493896 words of font info for 109 fonts, out of 8000000 for 9000
 1141 hyphenation exceptions out of 8191
 55i,10n,63p,1129b,346s stack positions out of 5000i,500n,10000p,200000b,80000s
{C:/Users/hx21262/AppData/Lo
cal/Programs/MiKTeX/fonts/enc/dvips/base/8r.enc}<C:/Users/hx21262/AppData/Local
/Programs/MiKTeX/fonts/type1/urw/times/utmr8a.pfb>
Output written on Figure7_ReconstructedImages.pdf (1 page, 1906915 bytes).
PDF statistics:
 20 PDF objects out of 1000 (max. 8388607)
 0 named destinations out of 1000 (max. 500000)
 41 words of extra memory for PDF output out of 10000 (max. 10000000)

